INFO 2026-03-31 16:57:33,281 autoreload Watching for file changes with StatReloader
INFO 2026-03-31 16:58:01,427 autoreload C:\Users\hp\Documents\PROJECTS\WORKOUT TRACKER\config\settings.py changed, reloading.
INFO 2026-03-31 16:58:02,272 autoreload Watching for file changes with StatReloader
INFO 2026-03-31 16:58:18,476 log "GET /api/schema/swagger-ui/ HTTP/1.1" 200 4649
INFO 2026-03-31 16:58:20,708 log "GET /api/schema/ HTTP/1.1" 200 201
INFO 2026-03-31 16:58:37,406 autoreload C:\Users\hp\Documents\PROJECTS\WORKOUT TRACKER\config\settings.py changed, reloading.
INFO 2026-03-31 16:58:38,151 autoreload Watching for file changes with StatReloader
INFO 2026-03-31 16:58:47,011 autoreload C:\Users\hp\Documents\PROJECTS\WORKOUT TRACKER\config\settings.py changed, reloading.
INFO 2026-03-31 16:58:47,820 autoreload Watching for file changes with StatReloader
INFO 2026-03-31 16:58:49,402 autoreload C:\Users\hp\Documents\PROJECTS\WORKOUT TRACKER\config\settings.py changed, reloading.
INFO 2026-03-31 16:58:50,163 autoreload Watching for file changes with StatReloader
INFO 2026-03-31 16:58:53,802 autoreload C:\Users\hp\Documents\PROJECTS\WORKOUT TRACKER\config\settings.py changed, reloading.
INFO 2026-03-31 16:58:54,489 autoreload Watching for file changes with StatReloader
INFO 2026-03-31 16:59:00,213 autoreload C:\Users\hp\Documents\PROJECTS\WORKOUT TRACKER\config\settings.py changed, reloading.
INFO 2026-03-31 16:59:00,912 autoreload Watching for file changes with StatReloader
INFO 2026-03-31 16:59:03,117 log "GET /api/schema/swagger-ui/ HTTP/1.1" 200 4644
INFO 2026-03-31 16:59:03,805 log "GET /api/schema/ HTTP/1.1" 200 6772
INFO 2026-03-31 17:00:40,057 autoreload C:\Users\hp\Documents\PROJECTS\WORKOUT TRACKER\config\settings.py changed, reloading.
INFO 2026-03-31 17:00:40,791 autoreload Watching for file changes with StatReloader
INFO 2026-03-31 17:01:05,059 autoreload C:\Users\hp\Documents\PROJECTS\WORKOUT TRACKER\config\settings.py changed, reloading.
INFO 2026-03-31 17:01:05,750 autoreload Watching for file changes with StatReloader
INFO 2026-03-31 17:01:08,374 autoreload C:\Users\hp\Documents\PROJECTS\WORKOUT TRACKER\config\settings.py changed, reloading.
INFO 2026-03-31 17:01:09,089 autoreload Watching for file changes with StatReloader
INFO 2026-03-31 17:01:25,078 autoreload C:\Users\hp\Documents\PROJECTS\WORKOUT TRACKER\config\settings.py changed, reloading.
INFO 2026-03-31 17:01:25,837 autoreload Watching for file changes with StatReloader
INFO 2026-03-31 17:01:36,680 autoreload C:\Users\hp\Documents\PROJECTS\WORKOUT TRACKER\config\settings.py changed, reloading.
INFO 2026-03-31 17:01:47,283 autoreload Watching for file changes with StatReloader
WARNING 2026-03-31 19:06:22,101 log Bad Request: /api/accounts/signup/
WARNING 2026-03-31 19:06:22,275 log Bad Request: /api/accounts/signup/
WARNING 2026-03-31 19:06:22,279 log Bad Request: /api/accounts/signup/
WARNING 2026-03-31 19:06:54,462 log Bad Request: /api/accounts/signup/
WARNING 2026-03-31 19:06:54,470 log Bad Request: /api/accounts/signup/
WARNING 2026-03-31 19:07:23,401 log Bad Request: /api/accounts/signup/
WARNING 2026-03-31 19:07:23,408 log Bad Request: /api/accounts/signup/
INFO 2026-03-31 19:56:48,362 autoreload Watching for file changes with StatReloader
INFO 2026-03-31 19:57:01,488 autoreload C:\Users\hp\Documents\PROJECTS\WORKOUT TRACKER\workouts\urls.py changed, reloading.
INFO 2026-03-31 19:57:02,181 autoreload Watching for file changes with StatReloader
INFO 2026-03-31 19:57:20,605 log "GET /api/schema/swagger-ui/ HTTP/1.1" 200 4644
INFO 2026-03-31 19:57:20,961 log "GET /api/schema/ HTTP/1.1" 200 14802
WARNING 2026-03-31 19:57:30,177 log Unauthorized: /api/workouts/
WARNING 2026-03-31 19:57:30,177 log "POST /api/workouts/ HTTP/1.1" 401 58
INFO 2026-03-31 20:00:07,754 autoreload C:\Users\hp\Documents\PROJECTS\WORKOUT TRACKER\workouts\views.py changed, reloading.
INFO 2026-03-31 20:00:08,523 autoreload Watching for file changes with StatReloader
INFO 2026-03-31 20:00:11,210 log "GET /api/schema/swagger-ui/ HTTP/1.1" 200 4644
INFO 2026-03-31 20:00:11,525 log "GET /api/schema/ HTTP/1.1" 200 19968
WARNING 2026-03-31 20:00:53,020 log Unauthorized: /api/workouts/
WARNING 2026-03-31 20:00:53,021 log "POST /api/workouts/ HTTP/1.1" 401 58
INFO 2026-03-31 20:46:03,185 autoreload C:\Users\hp\Documents\PROJECTS\WORKOUT TRACKER\workouts\views.py changed, reloading.
INFO 2026-03-31 20:46:04,892 autoreload Watching for file changes with StatReloader
INFO 2026-03-31 20:46:09,814 autoreload C:\Users\hp\Documents\PROJECTS\WORKOUT TRACKER\workouts\views.py changed, reloading.
INFO 2026-03-31 20:46:10,970 autoreload Watching for file changes with StatReloader
INFO 2026-03-31 20:46:21,939 autoreload C:\Users\hp\Documents\PROJECTS\WORKOUT TRACKER\workouts\views.py changed, reloading.
INFO 2026-03-31 20:46:22,677 autoreload Watching for file changes with StatReloader
INFO 2026-03-31 20:46:30,583 autoreload C:\Users\hp\Documents\PROJECTS\WORKOUT TRACKER\workouts\views.py changed, reloading.
INFO 2026-03-31 20:46:31,324 autoreload Watching for file changes with StatReloader
INFO 2026-03-31 20:46:36,099 autoreload C:\Users\hp\Documents\PROJECTS\WORKOUT TRACKER\workouts\views.py changed, reloading.
INFO 2026-03-31 20:46:36,946 autoreload Watching for file changes with StatReloader
INFO 2026-03-31 20:46:38,711 autoreload C:\Users\hp\Documents\PROJECTS\WORKOUT TRACKER\workouts\views.py changed, reloading.
INFO 2026-03-31 20:46:39,436 autoreload Watching for file changes with StatReloader
INFO 2026-03-31 20:46:50,342 autoreload C:\Users\hp\Documents\PROJECTS\WORKOUT TRACKER\workouts\views.py changed, reloading.
INFO 2026-03-31 20:46:51,126 autoreload Watching for file changes with StatReloader
INFO 2026-03-31 20:46:52,912 autoreload C:\Users\hp\Documents\PROJECTS\WORKOUT TRACKER\workouts\views.py changed, reloading.
INFO 2026-03-31 20:46:53,645 autoreload Watching for file changes with StatReloader
INFO 2026-03-31 20:46:58,386 autoreload C:\Users\hp\Documents\PROJECTS\WORKOUT TRACKER\workouts\views.py changed, reloading.
INFO 2026-03-31 20:46:59,231 autoreload Watching for file changes with StatReloader
INFO 2026-03-31 20:47:00,986 autoreload C:\Users\hp\Documents\PROJECTS\WORKOUT TRACKER\workouts\views.py changed, reloading.
INFO 2026-03-31 20:47:01,863 autoreload Watching for file changes with StatReloader
INFO 2026-03-31 20:47:07,899 autoreload C:\Users\hp\Documents\PROJECTS\WORKOUT TRACKER\workouts\views.py changed, reloading.
INFO 2026-03-31 20:47:08,929 autoreload Watching for file changes with StatReloader
INFO 2026-03-31 20:47:15,816 autoreload C:\Users\hp\Documents\PROJECTS\WORKOUT TRACKER\workouts\views.py changed, reloading.
INFO 2026-03-31 20:47:16,553 autoreload Watching for file changes with StatReloader
INFO 2026-03-31 20:47:20,364 autoreload C:\Users\hp\Documents\PROJECTS\WORKOUT TRACKER\workouts\views.py changed, reloading.
INFO 2026-03-31 20:47:21,161 autoreload Watching for file changes with StatReloader
WARNING 2026-03-31 20:50:49,421 log Bad Request: /api/accounts/signup/
WARNING 2026-03-31 20:50:49,431 log Bad Request: /api/accounts/signup/
WARNING 2026-03-31 20:51:25,668 log Bad Request: /api/accounts/signup/
WARNING 2026-03-31 20:51:25,677 log Bad Request: /api/accounts/signup/
WARNING 2026-03-31 20:51:28,143 log Unauthorized: /api/workouts/
